<?xml version="1.0" encoding="UTF-8"?>
<!-- Generated by org.testng.reporters.JUnitReportReporter -->
<testsuite hostname="DESKTOP-KB5NO3L" failures="0" tests="1" name="parallelTesting.NetflixBrowser" time="2.614" errors="0" timestamp="2025-01-11T21:06:35 IST" skipped="0">
  <testcase classname="parallelTesting.NetflixBrowser" name="netflixApp" time="2.614"/>
  <system-out/>
</testsuite> <!-- parallelTesting.NetflixBrowser -->
