<?xml version="1.0" encoding="UTF-8"?>
<!-- Generated by org.testng.reporters.JUnitReportReporter -->
<testsuite hostname="DESKTOP-KB5NO3L" failures="0" tests="3" name="annotations.Annotations1" time="0.104" errors="0" timestamp="2025-01-09T15:08:15 IST" skipped="0">
  <testcase classname="annotations.Annotations1" name="verifyLogin" time="0.031"/>
  <system-out/>
  <testcase classname="annotations.Annotations1" name="averifyLogoOne" time="0.042"/>
  <system-out/>
  <testcase classname="annotations.Annotations1" name="verifyLogoTwo" time="0.031"/>
  <system-out/>
</testsuite> <!-- annotations.Annotations1 -->
