<?xml version="1.0" encoding="UTF-8"?>
<!-- Generated by org.testng.reporters.JUnitReportReporter -->
<testsuite hostname="DESKTOP-KB5NO3L" failures="0" tests="4" name="parallelTesting.ParallelTesting" time="108.887" errors="0" timestamp="2025-01-11T21:22:58 IST" skipped="0">
  <testcase classname="parallelTesting.ParallelTesting" name="instagram" time="23.880"/>
  <system-out/>
  <testcase classname="parallelTesting.ParallelTesting" name="prime" time="21.059"/>
  <system-out/>
  <testcase classname="parallelTesting.ParallelTesting" name="facebook" time="27.850"/>
  <system-out/>
  <testcase classname="parallelTesting.ParallelTesting" name="netflix" time="36.098"/>
  <system-out/>
</testsuite> <!-- parallelTesting.ParallelTesting -->
