<?xml version="1.0" encoding="UTF-8"?>
<!-- Generated by org.testng.reporters.JUnitReportReporter -->
<testsuite hostname="DESKTOP-KB5NO3L" failures="0" tests="6" name="testNG_Features.DependsOn_Features2" time="0.044" errors="0" timestamp="2025-01-10T22:33:28 IST" skipped="0">
  <testcase classname="testNG_Features.DependsOn_Features2" name="tejas" time="0.003"/>
  <system-out/>
  <testcase classname="testNG_Features.DependsOn_Features2" name="pranav" time="0.005"/>
  <system-out/>
  <testcase classname="testNG_Features.DependsOn_Features2" name="vivek" time="0.002"/>
  <system-out/>
  <testcase classname="testNG_Features.DependsOn_Features2" name="bayesh" time="0.028"/>
  <system-out/>
  <testcase classname="testNG_Features.DependsOn_Features2" name="nishant" time="0.004"/>
  <system-out/>
  <testcase classname="testNG_Features.DependsOn_Features2" name="aman" time="0.002"/>
  <system-out/>
</testsuite> <!-- testNG_Features.DependsOn_Features2 -->
