<?xml version="1.0" encoding="UTF-8"?>
<!-- Generated by org.testng.reporters.JUnitReportReporter -->
<testsuite hostname="DESKTOP-KB5NO3L" failures="0" tests="4" name="include_exclude_in_XML.Include_Exclude" time="0.059" errors="0" timestamp="2025-01-09T15:18:24 IST" skipped="0">
  <testcase classname="include_exclude_in_XML.Include_Exclude" name="aman" time="0.034"/>
  <system-out/>
  <testcase classname="include_exclude_in_XML.Include_Exclude" name="nishant" time="0.005"/>
  <system-out/>
  <testcase classname="include_exclude_in_XML.Include_Exclude" name="pranav" time="0.003"/>
  <system-out/>
  <testcase classname="include_exclude_in_XML.Include_Exclude" name="jayesh" time="0.017"/>
  <system-out/>
</testsuite> <!-- include_exclude_in_XML.Include_Exclude -->
