<?xml version="1.0" encoding="UTF-8"?>
<!-- Generated by org.testng.reporters.JUnitReportReporter -->
<testsuite hostname="DESKTOP-KB5NO3L" failures="0" tests="5" name="practice.PriorityFeature" time="0.062" errors="0" timestamp="2025-01-20T14:34:43 IST" skipped="0">
  <testcase classname="practice.PriorityFeature" name="nishant" time="0.036"/>
  <system-out/>
  <testcase classname="practice.PriorityFeature" name="aman" time="0.004"/>
  <system-out/>
  <testcase classname="practice.PriorityFeature" name="jayesh" time="0.006"/>
  <system-out/>
  <testcase classname="practice.PriorityFeature" name="tejas" time="0.007"/>
  <system-out/>
  <testcase classname="practice.PriorityFeature" name="pranav" time="0.009"/>
  <system-out/>
</testsuite> <!-- practice.PriorityFeature -->
