<?xml version="1.0" encoding="UTF-8"?>
<!-- Generated by org.testng.reporters.JUnitReportReporter -->
<testsuite hostname="DESKTOP-KB5NO3L" failures="0" tests="3" name="practice.DataProvider1" time="0.048" errors="0" timestamp="2025-01-20T14:27:04 IST" skipped="0">
  <testcase classname="practice.DataProvider1" name="TC01" time="0.006"/>
  <system-out/>
  <testcase classname="practice.DataProvider1" name="TC01" time="0.038"/>
  <system-out/>
  <testcase classname="practice.DataProvider1" name="TC01" time="0.004"/>
  <system-out/>
</testsuite> <!-- practice.DataProvider1 -->
