<?xml version="1.0" encoding="UTF-8"?>
<!-- Generated by org.testng.reporters.JUnitReportReporter -->
<testsuite hostname="DESKTOP-KB5NO3L" failures="0" tests="6" name="annotationsFeatures.Priority_Feature" time="0.058" errors="0" timestamp="2025-01-09T11:30:54 IST" skipped="0">
  <testcase classname="annotationsFeatures.Priority_Feature" name="pranav" time="0.006"/>
  <system-out/>
  <testcase classname="annotationsFeatures.Priority_Feature" name="nishant" time="0.032"/>
  <system-out/>
  <testcase classname="annotationsFeatures.Priority_Feature" name="aman" time="0.004"/>
  <system-out/>
  <testcase classname="annotationsFeatures.Priority_Feature" name="vivek" time="0.003"/>
  <system-out/>
  <testcase classname="annotationsFeatures.Priority_Feature" name="jayesh" time="0.008"/>
  <system-out/>
  <testcase classname="annotationsFeatures.Priority_Feature" name="tejas" time="0.005"/>
  <system-out/>
</testsuite> <!-- annotationsFeatures.Priority_Feature -->
