<?xml version="1.0" encoding="UTF-8"?>
<!-- Generated by org.testng.reporters.JUnitReportReporter -->
<testsuite hostname="DESKTOP-KB5NO3L" failures="0" tests="6" name="annotationsFeatures.Enable_Feature" time="0.048" errors="0" timestamp="2025-01-09T11:09:20 IST" skipped="3">
  <testcase classname="annotationsFeatures.Enable_Feature" name="vivek" time="0.006"/>
  <system-out/>
  <testcase classname="annotationsFeatures.Enable_Feature" name="aman" time="0.036"/>
  <system-out/>
  <testcase classname="annotationsFeatures.Enable_Feature" name="pranav" time="0.006"/>
  <system-out/>
  <testcase classname="annotationsFeatures.Enable_Feature" name="nishant">
    <skipped/>
  </testcase> <!-- nishant -->
  <system-out/>
  <testcase classname="annotationsFeatures.Enable_Feature" name="tejas">
    <skipped/>
  </testcase> <!-- tejas -->
  <system-out/>
  <testcase classname="annotationsFeatures.Enable_Feature" name="jayesh">
    <skipped/>
  </testcase> <!-- jayesh -->
  <system-out/>
</testsuite> <!-- annotationsFeatures.Enable_Feature -->
