<?xml version="1.0" encoding="UTF-8"?>
<!-- Generated by org.testng.reporters.JUnitReportReporter -->
<testsuite hostname="DESKTOP-KB5NO3L" failures="0" tests="3" name="testNG_Features.GroupBy_Feature" time="0.061" errors="0" timestamp="2025-01-20T14:37:48 IST" skipped="0">
  <testcase classname="testNG_Features.GroupBy_Feature" name="aman" time="0.050"/>
  <system-out/>
  <testcase classname="testNG_Features.GroupBy_Feature" name="pranav" time="0.004"/>
  <system-out/>
  <testcase classname="testNG_Features.GroupBy_Feature" name="jayesh" time="0.007"/>
  <system-out/>
</testsuite> <!-- testNG_Features.GroupBy_Feature -->
