<?xml version="1.0" encoding="UTF-8"?>
<!-- Generated by org.testng.reporters.JUnitReportReporter -->
<testsuite hostname="DESKTOP-KB5NO3L" failures="0" tests="1" name="testNG_Features.Parameters_Feature" time="50.268" errors="0" timestamp="2025-01-11T15:09:48 IST" skipped="0">
  <testcase classname="testNG_Features.Parameters_Feature" name="loginTest" time="50.268"/>
  <system-out/>
</testsuite> <!-- testNG_Features.Parameters_Feature -->
