<?xml version="1.0" encoding="UTF-8"?>
<!-- Generated by org.testng.reporters.JUnitReportReporter -->
<testsuite hostname="DESKTOP-KB5NO3L" failures="0" tests="1" name="demoTest.DemoTestNG" time="0.052" errors="0" timestamp="2025-01-07T10:36:47 IST" skipped="0">
  <testcase classname="demoTest.DemoTestNG" name="test" time="0.052"/>
  <system-out/>
</testsuite> <!-- demoTest.DemoTestNG -->
