<?xml version="1.0" encoding="UTF-8"?>
<!-- Generated by org.testng.reporters.JUnitReportReporter -->
<testsuite hostname="DESKTOP-KB5NO3L" failures="0" tests="1" name="assertions.HardAssert" time="0.026" errors="0" timestamp="2025-01-13T23:35:09 IST" skipped="0">
  <testcase classname="assertions.HardAssert" name="TC04" time="0.026"/>
  <system-out/>
</testsuite> <!-- assertions.HardAssert -->
