<?xml version="1.0" encoding="UTF-8"?>
<!-- Generated by org.testng.reporters.JUnitReportReporter -->
<testsuite hostname="DESKTOP-KB5NO3L" failures="0" tests="3" name="practice.ParameterTest1" time="0.035" errors="0" timestamp="2025-01-13T10:55:10 IST" skipped="0">
  <testcase classname="practice.ParameterTest1" name="add" time="0.026"/>
  <system-out/>
  <testcase classname="practice.ParameterTest1" name="mul" time="0.003"/>
  <system-out/>
  <testcase classname="practice.ParameterTest1" name="sub" time="0.006"/>
  <system-out/>
</testsuite> <!-- practice.ParameterTest1 -->
