<?xml version="1.0" encoding="UTF-8"?>
<!-- Generated by org.testng.reporters.JUnitReportReporter -->
<testsuite hostname="DESKTOP-KB5NO3L" failures="0" tests="3" name="crossBrowsingTesting.CrossBrowserTesting" time="71.889" errors="0" timestamp="2025-01-12T14:19:56 IST" skipped="0">
  <testcase classname="crossBrowsingTesting.CrossBrowserTesting" name="crossTesting" time="34.124"/>
  <system-out/>
  <testcase classname="crossBrowsingTesting.CrossBrowserTesting" name="crossTesting" time="17.294"/>
  <system-out/>
  <testcase classname="crossBrowsingTesting.CrossBrowserTesting" name="crossTesting" time="20.471"/>
  <system-out/>
</testsuite> <!-- crossBrowsingTesting.CrossBrowserTesting -->
