<?xml version="1.0" encoding="UTF-8"?>
<!-- Generated by org.testng.reporters.JUnitReportReporter -->
<testsuite hostname="DESKTOP-KB5NO3L" failures="0" tests="3" name="dataProviders.SimpleDataProvider" time="0.055" errors="0" timestamp="2025-02-07T16:22:47 IST" skipped="0">
  <testcase classname="dataProviders.SimpleDataProvider" name="TC01" time="0.004"/>
  <system-out/>
  <testcase classname="dataProviders.SimpleDataProvider" name="TC01" time="0.047"/>
  <system-out/>
  <testcase classname="dataProviders.SimpleDataProvider" name="TC01" time="0.004"/>
  <system-out/>
</testsuite> <!-- dataProviders.SimpleDataProvider -->
