<?xml version="1.0" encoding="UTF-8"?>
<!-- Generated by org.testng.reporters.JUnitReportReporter -->
<testsuite hostname="DESKTOP-KB5NO3L" failures="0" tests="6" name="testNG_Features.DependsOn_Features" time="0.048" errors="0" timestamp="2025-01-10T22:37:14 IST" skipped="0">
  <testcase classname="testNG_Features.DependsOn_Features" name="tejas" time="0.005"/>
  <system-out/>
  <testcase classname="testNG_Features.DependsOn_Features" name="pranav" time="0.004"/>
  <system-out/>
  <testcase classname="testNG_Features.DependsOn_Features" name="vivek" time="0.004"/>
  <system-out/>
  <testcase classname="testNG_Features.DependsOn_Features" name="bayesh" time="0.025"/>
  <system-out/>
  <testcase classname="testNG_Features.DependsOn_Features" name="nishant" time="0.006"/>
  <system-out/>
  <testcase classname="testNG_Features.DependsOn_Features" name="aman" time="0.004"/>
  <system-out/>
</testsuite> <!-- testNG_Features.DependsOn_Features -->
