<?xml version="1.0" encoding="UTF-8"?>
<!-- Generated by org.testng.reporters.JUnitReportReporter -->
<testsuite hostname="DESKTOP-KB5NO3L" failures="0" tests="6" name="testNG_Features.DependsOnMethod_With_Priority_Features" time="0.067" errors="0" timestamp="2025-01-20T14:35:36 IST" skipped="0">
  <testcase classname="testNG_Features.DependsOnMethod_With_Priority_Features" name="pranav" time="0.048"/>
  <system-out/>
  <testcase classname="testNG_Features.DependsOnMethod_With_Priority_Features" name="aman" time="0.004"/>
  <system-out/>
  <testcase classname="testNG_Features.DependsOnMethod_With_Priority_Features" name="jayesh" time="0.003"/>
  <system-out/>
  <testcase classname="testNG_Features.DependsOnMethod_With_Priority_Features" name="vivek" time="0.005"/>
  <system-out/>
  <testcase classname="testNG_Features.DependsOnMethod_With_Priority_Features" name="nishant" time="0.003"/>
  <system-out/>
  <testcase classname="testNG_Features.DependsOnMethod_With_Priority_Features" name="tejas" time="0.004"/>
  <system-out/>
</testsuite> <!-- testNG_Features.DependsOnMethod_With_Priority_Features -->
