<?xml version="1.0" encoding="UTF-8"?>
<!-- Generated by org.testng.reporters.JUnitReportReporter -->
<testsuite hostname="DESKTOP-KB5NO3L" failures="0" tests="6" name="testNG_Features.Priority_Feature" time="0.048" errors="0" timestamp="2025-01-10T22:21:13 IST" skipped="0">
  <testcase classname="testNG_Features.Priority_Feature" name="tejas" time="0.025"/>
  <system-out/>
  <testcase classname="testNG_Features.Priority_Feature" name="jayesh" time="0.003"/>
  <system-out/>
  <testcase classname="testNG_Features.Priority_Feature" name="nishant" time="0.004"/>
  <system-out/>
  <testcase classname="testNG_Features.Priority_Feature" name="pranav" time="0.007"/>
  <system-out/>
  <testcase classname="testNG_Features.Priority_Feature" name="aman" time="0.003"/>
  <system-out/>
  <testcase classname="testNG_Features.Priority_Feature" name="vivek" time="0.006"/>
  <system-out/>
</testsuite> <!-- testNG_Features.Priority_Feature -->
