<?xml version="1.0" encoding="UTF-8"?>
<!-- Generated by org.testng.reporters.JUnitReportReporter -->
<testsuite hostname="DESKTOP-KB5NO3L" failures="0" tests="5" name="testNG_Features.ExpectedConditon_Feature" time="0.058" errors="0" timestamp="2025-01-10T23:41:08 IST" skipped="0">
  <testcase classname="testNG_Features.ExpectedConditon_Feature" name="login" time="0.037"/>
  <system-out/>
  <testcase classname="testNG_Features.ExpectedConditon_Feature" name="logout" time="0.006"/>
  <system-out/>
  <testcase classname="testNG_Features.ExpectedConditon_Feature" name="tearDown" time="0.004"/>
  <system-out/>
  <testcase classname="testNG_Features.ExpectedConditon_Feature" name="openApplication" time="0.005"/>
  <system-out/>
  <testcase classname="testNG_Features.ExpectedConditon_Feature" name="openBrowser" time="0.006"/>
  <system-out/>
</testsuite> <!-- testNG_Features.ExpectedConditon_Feature -->
