<?xml version="1.0" encoding="UTF-8"?>
<!-- Generated by org.testng.reporters.JUnitReportReporter -->
<testsuite hostname="DESKTOP-KB5NO3L" failures="0" tests="3" name="dataProviders.DataProvider1" time="0.049" errors="0" timestamp="2025-01-16T11:16:33 IST" skipped="0">
  <testcase classname="dataProviders.DataProvider1" name="TC01" time="0.003"/>
  <system-out/>
  <testcase classname="dataProviders.DataProvider1" name="TC01" time="0.036"/>
  <system-out/>
  <testcase classname="dataProviders.DataProvider1" name="TC01" time="0.010"/>
  <system-out/>
</testsuite> <!-- dataProviders.DataProvider1 -->
