<?xml version="1.0" encoding="UTF-8"?>
<!-- Generated by org.testng.reporters.JUnitReportReporter -->
<testsuite hostname="DESKTOP-KB5NO3L" failures="0" tests="2" name="annotations.Annotations2" time="17.800" errors="0" timestamp="2025-01-09T15:11:57 IST" skipped="0">
  <testcase classname="annotations.Annotations2" name="verifyLoginPageLogo" time="12.382"/>
  <system-out/>
  <testcase classname="annotations.Annotations2" name="verifyLoginPageTitle" time="5.418"/>
  <system-out/>
</testsuite> <!-- annotations.Annotations2 -->
