<?xml version="1.0" encoding="UTF-8"?>
<!-- Generated by org.testng.reporters.JUnitReportReporter -->
<testsuite hostname="DESKTOP-KB5NO3L" failures="0" tests="3" name="testNG_Features.GroupBy_Feature" time="0.036" errors="0" timestamp="2025-01-11T14:50:49 IST" skipped="0">
  <testcase classname="testNG_Features.GroupBy_Feature" name="nishant" time="0.004"/>
  <system-out/>
  <testcase classname="testNG_Features.GroupBy_Feature" name="pranav" time="0.008"/>
  <system-out/>
  <testcase classname="testNG_Features.GroupBy_Feature" name="aman" time="0.024"/>
  <system-out/>
</testsuite> <!-- testNG_Features.GroupBy_Feature -->
