<?xml version="1.0" encoding="UTF-8"?>
<!-- Generated by org.testng.reporters.JUnitReportReporter -->
<testsuite hostname="DESKTOP-KB5NO3L" failures="0" tests="8" name="testNG_Features.InvocationCount_Features" time="0.051" errors="0" timestamp="2025-01-10T23:16:36 IST" skipped="0">
  <testcase classname="testNG_Features.InvocationCount_Features" name="aman" time="0.026"/>
  <system-out/>
  <testcase classname="testNG_Features.InvocationCount_Features" name="pranav" time="0.002"/>
  <system-out/>
  <testcase classname="testNG_Features.InvocationCount_Features" name="pranav" time="0.007"/>
  <system-out/>
  <testcase classname="testNG_Features.InvocationCount_Features" name="pranav" time="0.002"/>
  <system-out/>
  <testcase classname="testNG_Features.InvocationCount_Features" name="pranav" time="0.004"/>
  <system-out/>
  <testcase classname="testNG_Features.InvocationCount_Features" name="vivek" time="0.003"/>
  <system-out/>
  <testcase classname="testNG_Features.InvocationCount_Features" name="jayesh" time="0.004"/>
  <system-out/>
  <testcase classname="testNG_Features.InvocationCount_Features" name="aman" time="0.003"/>
  <system-out/>
</testsuite> <!-- testNG_Features.InvocationCount_Features -->
